<?xml version="1.0" encoding="UTF-8"?>
<!-- Generated by org.testng.reporters.JUnitXMLReporter -->
<testsuite ignored="0" hostname="DESKTOP-PKKMISS" failures="0" tests="3" name="Default test" time="35.581" errors="0" timestamp="2020-07-04T17:32:32 EDT">
  <testcase classname="com.facbook.testcases.LoginPageTest" name="loginPageTitleTest" time="0.045"/>
  <testcase classname="com.facbook.testcases.LoginPageTest" name="faceBookLogoTest" time="0.19"/>
  <testcase classname="com.facbook.testcases.LoginPageTest" name="loginTest" time="11.024"/>
</testsuite> <!-- Default test -->
