<?xml version="1.0" encoding="UTF-8"?>
<!-- Generated by org.testng.reporters.JUnitXMLReporter -->
<testsuite ignored="0" hostname="DESKTOP-PKKMISS" failures="0" tests="3" name="Default test" time="27.585" errors="0" timestamp="2020-07-10T23:08:06 EDT">
  <testcase classname="com.facbook.testcases.LoginPageTest" name="loginPageTitleTest" time="0.014"/>
  <testcase classname="com.facbook.testcases.LoginPageTest" name="faceBookLogoTest" time="0.06"/>
  <testcase classname="com.facbook.testcases.LoginPageTest" name="loginTest" time="5.39"/>
</testsuite> <!-- Default test -->
