<?xml version="1.0" encoding="UTF-8"?>
<!-- Generated by org.testng.reporters.JUnitXMLReporter -->
<testsuite ignored="0" hostname="DESKTOP-PKKMISS" failures="2" tests="10" name="Command line test" time="140.052" errors="0" timestamp="2020-07-05T13:14:28 EDT">
  <testcase classname="com.facbook.testcases.CreatePagesTest" name="varifyPageTitleTest" time="1.027">
    <failure type="java.lang.AssertionError" message="page title did not match expected [Facebook - Log In or Sign Up] but found []">
      <![CDATA[java.lang.AssertionError: page title did not match expected [Facebook - Log In or Sign Up] but found []
at com.facbook.testcases.CreatePagesTest.varifyPageTitleTest(CreatePagesTest.java:37)
at java.base/java.util.ArrayList.forEach(ArrayList.java:1507)
... Removed 41 stack frames]]>
    </failure>
  </testcase> <!-- varifyPageTitleTest -->
  <testcase classname="com.facbook.testcases.CreatePagesTest" name="verifyCreateNewPageButtonTest" time="11.854"/>
  <testcase classname="com.facbook.testcases.CreatePagesTest" name="verifycreateNewPageTitleTest" time="10.468"/>
  <testcase classname="com.facbook.testcases.HomePageTest" name="verifyHomePageTitleTest" time="5.242">
    <failure type="java.lang.AssertionError" message="expected [Facebook - Log In or Sign Up] but found []">
      <![CDATA[java.lang.AssertionError: expected [Facebook - Log In or Sign Up] but found []
at com.facbook.testcases.HomePageTest.verifyHomePageTitleTest(HomePageTest.java:46)
at java.base/java.util.ArrayList.forEach(ArrayList.java:1507)
... Removed 42 stack frames]]>
    </failure>
  </testcase> <!-- verifyHomePageTitleTest -->
  <testcase classname="com.facbook.testcases.HomePageTest" name="verifyCorrectUsernameTest" time="4.168"/>
  <testcase classname="com.facbook.testcases.HomePageTest" name="verifyMarketplacelinktest" time="8.292"/>
  <testcase classname="com.facbook.testcases.HomePageTest" name="verifyPagepagelinkTest" time="8.667"/>
  <testcase classname="com.facbook.testcases.LoginPageTest" name="loginPageTitleTest" time="0.016"/>
  <testcase classname="com.facbook.testcases.LoginPageTest" name="faceBookLogoTest" time="0.085"/>
  <testcase classname="com.facbook.testcases.LoginPageTest" name="loginTest" time="5.751"/>
</testsuite> <!-- Command line test -->
