<?xml version="1.0" encoding="UTF-8"?>
<!-- Generated by org.testng.reporters.JUnitXMLReporter -->
<testsuite ignored="0" hostname="DESKTOP-PKKMISS" failures="1" tests="10" name="facebookLogintest" time="151.83" errors="0" timestamp="2020-07-04T20:40:53 EDT">
  <testcase classname="com.facbook.testcases.HomePageTest" name="@BeforeMethod setUp" time="20.896">
    <failure type="java.lang.NullPointerException">
      <![CDATA[java.lang.NullPointerException
at org.openqa.selenium.support.events.EventFiringWebDriver.extractInterfaces(EventFiringWebDriver.java:120)
at org.openqa.selenium.support.events.EventFiringWebDriver.access$300(EventFiringWebDriver.java:69)
at org.openqa.selenium.support.events.EventFiringWebDriver$EventFiringWebElement.<init>(EventFiringWebDriver.java:397)
at org.openqa.selenium.support.events.EventFiringWebDriver$EventFiringWebElement.<init>(EventFiringWebDriver.java:389)
at org.openqa.selenium.support.events.EventFiringWebDriver.createWebElement(EventFiringWebDriver.java:327)
at org.openqa.selenium.support.events.EventFiringWebDriver.findElement(EventFiringWebDriver.java:196)
at org.openqa.selenium.support.pagefactory.DefaultElementLocator.findElement(DefaultElementLocator.java:69)
at org.openqa.selenium.support.pagefactory.internal.LocatingElementHandler.invoke(LocatingElementHandler.java:38)
at com.sun.proxy.$Proxy14.click(Unknown Source)
at com.facebook.pages.LoginPage.login(LoginPage.java:48)
at com.facbook.testcases.HomePageTest.setUp(HomePageTest.java:37)
at java.base/java.util.ArrayList.forEach(ArrayList.java:1507)
... Removed 31 stack frames]]>
    </failure>
  </testcase> <!-- @BeforeMethod setUp -->
  <testcase classname="com.facbook.testcases.HomePageTest" name="@AfterMethod tearDown" time="-1.593909601029E9">
    <skipped/>
  </testcase> <!-- @AfterMethod tearDown -->
  <testcase classname="com.facbook.testcases.LoginPageTest" name="loginPageTitleTest" time="0.031"/>
  <testcase classname="com.facbook.testcases.LoginPageTest" name="faceBookLogoTest" time="0.175"/>
  <testcase classname="com.facbook.testcases.LoginPageTest" name="loginTest" time="6.262"/>
  <testcase classname="com.facbook.testcases.HomePageTest" name="verifyHomePageTitleTest" time="4.192"/>
  <testcase classname="com.facbook.testcases.HomePageTest" name="verifyCorrectUsernameTest" time="4.286"/>
  <testcase classname="com.facbook.testcases.HomePageTest" name="verifyMarketplacelinktest" time="8.858"/>
  <testcase classname="com.facbook.testcases.HomePageTest" name="verifyPagepagelinkTest" time="0.0">
    <skipped/>
  </testcase> <!-- verifyPagepagelinkTest -->
  <testcase classname="com.facbook.testcases.CreatePagesTest" name="varifyPageTitleTest" time="2.91">
    <failure type="java.lang.AssertionError" message="page title did not match expected [Facebook - Log In or Sign Up] but found []">
      <![CDATA[java.lang.AssertionError: page title did not match expected [Facebook - Log In or Sign Up] but found []
at com.facbook.testcases.CreatePagesTest.varifyPageTitleTest(CreatePagesTest.java:37)
at java.base/java.util.ArrayList.forEach(ArrayList.java:1507)
... Removed 31 stack frames]]>
    </failure>
  </testcase> <!-- varifyPageTitleTest -->
  <testcase classname="com.facbook.testcases.CreatePagesTest" name="verifyCreateNewPageButtonTest" time="11.093"/>
  <testcase classname="com.facbook.testcases.CreatePagesTest" name="verifycreateNewPageTitleTest" time="11.36"/>
</testsuite> <!-- facebookLogintest -->
