<?xml version="1.0" encoding="UTF-8"?>
<testng-results ignored="0" total="10" passed="8" failed="2" skipped="0">
  <reporter-output>
  </reporter-output>
  <suite started-at="2020-07-05T13:12:08 EDT" name="Command line suite" finished-at="2020-07-05T13:14:28 EDT" duration-ms="140052">
    <groups>
    </groups>
    <test started-at="2020-07-05T13:12:08 EDT" name="Command line test" finished-at="2020-07-05T13:14:28 EDT" duration-ms="140052">
      <class name="com.facbook.testcases.LoginPageTest">
        <test-method is-config="true" signature="setUp()[pri:0, instance:com.facbook.testcases.LoginPageTest@7dc222ae]" started-at="2020-07-05T13:13:59 EDT" name="setUp" finished-at="2020-07-05T13:14:06 EDT" duration-ms="6911" status="PASS">
          <reporter-output>
          </reporter-output>
        </test-method> <!-- setUp -->
        <test-method signature="loginPageTitleTest()[pri:1, instance:com.facbook.testcases.LoginPageTest@7dc222ae]" started-at="2020-07-05T13:14:06 EDT" name="loginPageTitleTest" finished-at="2020-07-05T13:14:06 EDT" duration-ms="16" status="PASS">
          <reporter-output>
          </reporter-output>
        </test-method> <!-- loginPageTitleTest -->
        <test-method is-config="true" signature="tearDown()[pri:0, instance:com.facbook.testcases.LoginPageTest@7dc222ae]" started-at="2020-07-05T13:14:06 EDT" name="tearDown" finished-at="2020-07-05T13:14:07 EDT" duration-ms="659" status="PASS">
          <reporter-output>
          </reporter-output>
        </test-method> <!-- tearDown -->
        <test-method is-config="true" signature="setUp()[pri:0, instance:com.facbook.testcases.LoginPageTest@7dc222ae]" started-at="2020-07-05T13:14:07 EDT" name="setUp" finished-at="2020-07-05T13:14:13 EDT" duration-ms="6674" status="PASS">
          <reporter-output>
          </reporter-output>
        </test-method> <!-- setUp -->
        <test-method signature="faceBookLogoTest()[pri:2, instance:com.facbook.testcases.LoginPageTest@7dc222ae]" started-at="2020-07-05T13:14:13 EDT" name="faceBookLogoTest" finished-at="2020-07-05T13:14:13 EDT" duration-ms="85" status="PASS">
          <reporter-output>
          </reporter-output>
        </test-method> <!-- faceBookLogoTest -->
        <test-method is-config="true" signature="tearDown()[pri:0, instance:com.facbook.testcases.LoginPageTest@7dc222ae]" started-at="2020-07-05T13:14:13 EDT" name="tearDown" finished-at="2020-07-05T13:14:14 EDT" duration-ms="676" status="PASS">
          <reporter-output>
          </reporter-output>
        </test-method> <!-- tearDown -->
        <test-method is-config="true" signature="setUp()[pri:0, instance:com.facbook.testcases.LoginPageTest@7dc222ae]" started-at="2020-07-05T13:14:14 EDT" name="setUp" finished-at="2020-07-05T13:14:21 EDT" duration-ms="7002" status="PASS">
          <reporter-output>
          </reporter-output>
        </test-method> <!-- setUp -->
        <test-method signature="loginTest()[pri:3, instance:com.facbook.testcases.LoginPageTest@7dc222ae]" started-at="2020-07-05T13:14:21 EDT" name="loginTest" finished-at="2020-07-05T13:14:27 EDT" duration-ms="5751" status="PASS">
          <reporter-output>
          </reporter-output>
        </test-method> <!-- loginTest -->
        <test-method is-config="true" signature="tearDown()[pri:0, instance:com.facbook.testcases.LoginPageTest@7dc222ae]" started-at="2020-07-05T13:14:27 EDT" name="tearDown" finished-at="2020-07-05T13:14:28 EDT" duration-ms="707" status="PASS">
          <reporter-output>
          </reporter-output>
        </test-method> <!-- tearDown -->
      </class> <!-- com.facbook.testcases.LoginPageTest -->
      <class name="com.facbook.testcases.HomePageTest">
        <test-method is-config="true" signature="setUp()[pri:0, instance:com.facbook.testcases.HomePageTest@1068e947]" started-at="2020-07-05T13:12:58 EDT" name="setUp" finished-at="2020-07-05T13:13:05 EDT" duration-ms="7506" status="PASS">
          <reporter-output>
          </reporter-output>
        </test-method> <!-- setUp -->
        <test-method signature="verifyHomePageTitleTest()[pri:1, instance:com.facbook.testcases.HomePageTest@1068e947]" started-at="2020-07-05T13:13:05 EDT" name="verifyHomePageTitleTest" finished-at="2020-07-05T13:13:11 EDT" duration-ms="5242" status="FAIL">
          <exception class="java.lang.AssertionError">
            <message>
              <![CDATA[expected [Facebook - Log In or Sign Up] but found []]]>
            </message>
            <full-stacktrace>
              <![CDATA[java.lang.AssertionError: expected [Facebook - Log In or Sign Up] but found []
at org.testng.Assert.fail(Assert.java:97)
at org.testng.Assert.assertEqualsImpl(Assert.java:136)
at org.testng.Assert.assertEquals(Assert.java:118)
at org.testng.Assert.assertEquals(Assert.java:575)
at org.testng.Assert.assertEquals(Assert.java:585)
at com.facbook.testcases.HomePageTest.verifyHomePageTitleTest(HomePageTest.java:46)
at java.base/jdk.internal.reflect.NativeMethodAccessorImpl.invoke0(Native Method)
at java.base/jdk.internal.reflect.NativeMethodAccessorImpl.invoke(NativeMethodAccessorImpl.java:62)
at java.base/jdk.internal.reflect.DelegatingMethodAccessorImpl.invoke(DelegatingMethodAccessorImpl.java:43)
at java.base/java.lang.reflect.Method.invoke(Method.java:567)
at org.testng.internal.MethodInvocationHelper.invokeMethod(MethodInvocationHelper.java:134)
at org.testng.internal.TestInvoker.invokeMethod(TestInvoker.java:597)
at org.testng.internal.TestInvoker.invokeTestMethod(TestInvoker.java:173)
at org.testng.internal.MethodRunner.runInSequence(MethodRunner.java:46)
at org.testng.internal.TestInvoker$MethodInvocationAgent.invoke(TestInvoker.java:816)
at org.testng.internal.TestInvoker.invokeTestMethods(TestInvoker.java:146)
at org.testng.internal.TestMethodWorker.invokeTestMethods(TestMethodWorker.java:146)
at org.testng.internal.TestMethodWorker.run(TestMethodWorker.java:128)
at java.base/java.util.ArrayList.forEach(ArrayList.java:1507)
at org.testng.TestRunner.privateRun(TestRunner.java:766)
at org.testng.TestRunner.run(TestRunner.java:587)
at org.testng.SuiteRunner.runTest(SuiteRunner.java:384)
at org.testng.SuiteRunner.runSequentially(SuiteRunner.java:378)
at org.testng.SuiteRunner.privateRun(SuiteRunner.java:337)
at org.testng.SuiteRunner.run(SuiteRunner.java:286)
at org.testng.SuiteRunnerWorker.runSuite(SuiteRunnerWorker.java:53)
at org.testng.SuiteRunnerWorker.run(SuiteRunnerWorker.java:96)
at org.testng.TestNG.runSuitesSequentially(TestNG.java:1187)
at org.testng.TestNG.runSuitesLocally(TestNG.java:1109)
at org.testng.TestNG.runSuites(TestNG.java:1039)
at org.testng.TestNG.run(TestNG.java:1007)
at org.apache.maven.surefire.testng.TestNGExecutor.run(TestNGExecutor.java:77)
at org.apache.maven.surefire.testng.TestNGDirectoryTestSuite.executeMulti(TestNGDirectoryTestSuite.java:159)
at org.apache.maven.surefire.testng.TestNGDirectoryTestSuite.execute(TestNGDirectoryTestSuite.java:99)
at org.apache.maven.surefire.testng.TestNGProvider.invoke(TestNGProvider.java:106)
at java.base/jdk.internal.reflect.NativeMethodAccessorImpl.invoke0(Native Method)
at java.base/jdk.internal.reflect.NativeMethodAccessorImpl.invoke(NativeMethodAccessorImpl.java:62)
at java.base/jdk.internal.reflect.DelegatingMethodAccessorImpl.invoke(DelegatingMethodAccessorImpl.java:43)
at java.base/java.lang.reflect.Method.invoke(Method.java:567)
at org.apache.maven.surefire.util.ReflectionUtils.invokeMethodWithArray(ReflectionUtils.java:189)
at org.apache.maven.surefire.booter.ProviderFactory$ProviderProxy.invoke(ProviderFactory.java:165)
at org.apache.maven.surefire.booter.ProviderFactory.invokeProvider(ProviderFactory.java:85)
at org.apache.maven.surefire.booter.ForkedBooter.runSuitesInProcess(ForkedBooter.java:115)
at org.apache.maven.surefire.booter.ForkedBooter.main(ForkedBooter.java:75)
]]>
            </full-stacktrace>
          </exception> <!-- java.lang.AssertionError -->
          <reporter-output>
          </reporter-output>
        </test-method> <!-- verifyHomePageTitleTest -->
        <test-method is-config="true" signature="tearDown()[pri:0, instance:com.facbook.testcases.HomePageTest@1068e947]" started-at="2020-07-05T13:13:11 EDT" name="tearDown" finished-at="2020-07-05T13:13:11 EDT" duration-ms="664" status="PASS">
          <reporter-output>
          </reporter-output>
        </test-method> <!-- tearDown -->
        <test-method is-config="true" signature="setUp()[pri:0, instance:com.facbook.testcases.HomePageTest@1068e947]" started-at="2020-07-05T13:13:11 EDT" name="setUp" finished-at="2020-07-05T13:13:18 EDT" duration-ms="7106" status="PASS">
          <reporter-output>
          </reporter-output>
        </test-method> <!-- setUp -->
        <test-method signature="verifyCorrectUsernameTest()[pri:2, instance:com.facbook.testcases.HomePageTest@1068e947]" started-at="2020-07-05T13:13:18 EDT" name="verifyCorrectUsernameTest" finished-at="2020-07-05T13:13:22 EDT" duration-ms="4168" status="PASS">
          <reporter-output>
          </reporter-output>
        </test-method> <!-- verifyCorrectUsernameTest -->
        <test-method is-config="true" signature="tearDown()[pri:0, instance:com.facbook.testcases.HomePageTest@1068e947]" started-at="2020-07-05T13:13:22 EDT" name="tearDown" finished-at="2020-07-05T13:13:23 EDT" duration-ms="674" status="PASS">
          <reporter-output>
          </reporter-output>
        </test-method> <!-- tearDown -->
        <test-method is-config="true" signature="setUp()[pri:0, instance:com.facbook.testcases.HomePageTest@1068e947]" started-at="2020-07-05T13:13:23 EDT" name="setUp" finished-at="2020-07-05T13:13:33 EDT" duration-ms="9761" status="PASS">
          <reporter-output>
          </reporter-output>
        </test-method> <!-- setUp -->
        <test-method signature="verifyMarketplacelinktest()[pri:3, instance:com.facbook.testcases.HomePageTest@1068e947]" started-at="2020-07-05T13:13:33 EDT" name="verifyMarketplacelinktest" finished-at="2020-07-05T13:13:41 EDT" duration-ms="8292" status="PASS">
          <reporter-output>
          </reporter-output>
        </test-method> <!-- verifyMarketplacelinktest -->
        <test-method is-config="true" signature="tearDown()[pri:0, instance:com.facbook.testcases.HomePageTest@1068e947]" started-at="2020-07-05T13:13:41 EDT" name="tearDown" finished-at="2020-07-05T13:13:42 EDT" duration-ms="762" status="PASS">
          <reporter-output>
          </reporter-output>
        </test-method> <!-- tearDown -->
        <test-method is-config="true" signature="setUp()[pri:0, instance:com.facbook.testcases.HomePageTest@1068e947]" started-at="2020-07-05T13:13:42 EDT" name="setUp" finished-at="2020-07-05T13:13:50 EDT" duration-ms="7702" status="PASS">
          <reporter-output>
          </reporter-output>
        </test-method> <!-- setUp -->
        <test-method signature="verifyPagepagelinkTest()[pri:4, instance:com.facbook.testcases.HomePageTest@1068e947]" started-at="2020-07-05T13:13:50 EDT" name="verifyPagepagelinkTest" finished-at="2020-07-05T13:13:58 EDT" duration-ms="8667" status="PASS">
          <reporter-output>
          </reporter-output>
        </test-method> <!-- verifyPagepagelinkTest -->
        <test-method is-config="true" signature="tearDown()[pri:0, instance:com.facbook.testcases.HomePageTest@1068e947]" started-at="2020-07-05T13:13:58 EDT" name="tearDown" finished-at="2020-07-05T13:13:59 EDT" duration-ms="761" status="PASS">
          <reporter-output>
          </reporter-output>
        </test-method> <!-- tearDown -->
      </class> <!-- com.facbook.testcases.HomePageTest -->
      <class name="com.facbook.testcases.CreatePagesTest">
        <test-method is-config="true" signature="setup()[pri:0, instance:com.facbook.testcases.CreatePagesTest@2f8f5f62]" started-at="2020-07-05T13:12:08 EDT" name="setup" finished-at="2020-07-05T13:12:17 EDT" duration-ms="8980" status="PASS">
          <reporter-output>
          </reporter-output>
        </test-method> <!-- setup -->
        <test-method signature="varifyPageTitleTest()[pri:0, instance:com.facbook.testcases.CreatePagesTest@2f8f5f62]" started-at="2020-07-05T13:12:17 EDT" name="varifyPageTitleTest" finished-at="2020-07-05T13:12:18 EDT" duration-ms="1027" status="FAIL">
          <exception class="java.lang.AssertionError">
            <message>
              <![CDATA[page title did not match expected [Facebook - Log In or Sign Up] but found []]]>
            </message>
            <full-stacktrace>
              <![CDATA[java.lang.AssertionError: page title did not match expected [Facebook - Log In or Sign Up] but found []
at org.testng.Assert.fail(Assert.java:97)
at org.testng.Assert.assertEqualsImpl(Assert.java:136)
at org.testng.Assert.assertEquals(Assert.java:118)
at org.testng.Assert.assertEquals(Assert.java:575)
at com.facbook.testcases.CreatePagesTest.varifyPageTitleTest(CreatePagesTest.java:37)
at java.base/jdk.internal.reflect.NativeMethodAccessorImpl.invoke0(Native Method)
at java.base/jdk.internal.reflect.NativeMethodAccessorImpl.invoke(NativeMethodAccessorImpl.java:62)
at java.base/jdk.internal.reflect.DelegatingMethodAccessorImpl.invoke(DelegatingMethodAccessorImpl.java:43)
at java.base/java.lang.reflect.Method.invoke(Method.java:567)
at org.testng.internal.MethodInvocationHelper.invokeMethod(MethodInvocationHelper.java:134)
at org.testng.internal.TestInvoker.invokeMethod(TestInvoker.java:597)
at org.testng.internal.TestInvoker.invokeTestMethod(TestInvoker.java:173)
at org.testng.internal.MethodRunner.runInSequence(MethodRunner.java:46)
at org.testng.internal.TestInvoker$MethodInvocationAgent.invoke(TestInvoker.java:816)
at org.testng.internal.TestInvoker.invokeTestMethods(TestInvoker.java:146)
at org.testng.internal.TestMethodWorker.invokeTestMethods(TestMethodWorker.java:146)
at org.testng.internal.TestMethodWorker.run(TestMethodWorker.java:128)
at java.base/java.util.ArrayList.forEach(ArrayList.java:1507)
at org.testng.TestRunner.privateRun(TestRunner.java:766)
at org.testng.TestRunner.run(TestRunner.java:587)
at org.testng.SuiteRunner.runTest(SuiteRunner.java:384)
at org.testng.SuiteRunner.runSequentially(SuiteRunner.java:378)
at org.testng.SuiteRunner.privateRun(SuiteRunner.java:337)
at org.testng.SuiteRunner.run(SuiteRunner.java:286)
at org.testng.SuiteRunnerWorker.runSuite(SuiteRunnerWorker.java:53)
at org.testng.SuiteRunnerWorker.run(SuiteRunnerWorker.java:96)
at org.testng.TestNG.runSuitesSequentially(TestNG.java:1187)
at org.testng.TestNG.runSuitesLocally(TestNG.java:1109)
at org.testng.TestNG.runSuites(TestNG.java:1039)
at org.testng.TestNG.run(TestNG.java:1007)
at org.apache.maven.surefire.testng.TestNGExecutor.run(TestNGExecutor.java:77)
at org.apache.maven.surefire.testng.TestNGDirectoryTestSuite.executeMulti(TestNGDirectoryTestSuite.java:159)
at org.apache.maven.surefire.testng.TestNGDirectoryTestSuite.execute(TestNGDirectoryTestSuite.java:99)
at org.apache.maven.surefire.testng.TestNGProvider.invoke(TestNGProvider.java:106)
at java.base/jdk.internal.reflect.NativeMethodAccessorImpl.invoke0(Native Method)
at java.base/jdk.internal.reflect.NativeMethodAccessorImpl.invoke(NativeMethodAccessorImpl.java:62)
at java.base/jdk.internal.reflect.DelegatingMethodAccessorImpl.invoke(DelegatingMethodAccessorImpl.java:43)
at java.base/java.lang.reflect.Method.invoke(Method.java:567)
at org.apache.maven.surefire.util.ReflectionUtils.invokeMethodWithArray(ReflectionUtils.java:189)
at org.apache.maven.surefire.booter.ProviderFactory$ProviderProxy.invoke(ProviderFactory.java:165)
at org.apache.maven.surefire.booter.ProviderFactory.invokeProvider(ProviderFactory.java:85)
at org.apache.maven.surefire.booter.ForkedBooter.runSuitesInProcess(ForkedBooter.java:115)
at org.apache.maven.surefire.booter.ForkedBooter.main(ForkedBooter.java:75)
]]>
            </full-stacktrace>
          </exception> <!-- java.lang.AssertionError -->
          <reporter-output>
          </reporter-output>
        </test-method> <!-- varifyPageTitleTest -->
        <test-method is-config="true" signature="tearDown()[pri:0, instance:com.facbook.testcases.CreatePagesTest@2f8f5f62]" started-at="2020-07-05T13:12:18 EDT" name="tearDown" finished-at="2020-07-05T13:12:18 EDT" duration-ms="655" status="PASS">
          <reporter-output>
          </reporter-output>
        </test-method> <!-- tearDown -->
        <test-method is-config="true" signature="setup()[pri:0, instance:com.facbook.testcases.CreatePagesTest@2f8f5f62]" started-at="2020-07-05T13:12:18 EDT" name="setup" finished-at="2020-07-05T13:12:26 EDT" duration-ms="8026" status="PASS">
          <reporter-output>
          </reporter-output>
        </test-method> <!-- setup -->
        <test-method signature="verifyCreateNewPageButtonTest()[pri:0, instance:com.facbook.testcases.CreatePagesTest@2f8f5f62]" started-at="2020-07-05T13:12:26 EDT" name="verifyCreateNewPageButtonTest" finished-at="2020-07-05T13:12:38 EDT" duration-ms="11854" status="PASS">
          <reporter-output>
          </reporter-output>
        </test-method> <!-- verifyCreateNewPageButtonTest -->
        <test-method is-config="true" signature="tearDown()[pri:0, instance:com.facbook.testcases.CreatePagesTest@2f8f5f62]" started-at="2020-07-05T13:12:38 EDT" name="tearDown" finished-at="2020-07-05T13:12:39 EDT" duration-ms="745" status="PASS">
          <reporter-output>
          </reporter-output>
        </test-method> <!-- tearDown -->
        <test-method is-config="true" signature="setup()[pri:0, instance:com.facbook.testcases.CreatePagesTest@2f8f5f62]" started-at="2020-07-05T13:12:39 EDT" name="setup" finished-at="2020-07-05T13:12:47 EDT" duration-ms="7662" status="PASS">
          <reporter-output>
          </reporter-output>
        </test-method> <!-- setup -->
        <test-method signature="verifycreateNewPageTitleTest()[pri:0, instance:com.facbook.testcases.CreatePagesTest@2f8f5f62]" started-at="2020-07-05T13:12:47 EDT" name="verifycreateNewPageTitleTest" finished-at="2020-07-05T13:12:57 EDT" duration-ms="10468" status="PASS">
          <reporter-output>
          </reporter-output>
        </test-method> <!-- verifycreateNewPageTitleTest -->
        <test-method is-config="true" signature="tearDown()[pri:0, instance:com.facbook.testcases.CreatePagesTest@2f8f5f62]" started-at="2020-07-05T13:12:57 EDT" name="tearDown" finished-at="2020-07-05T13:12:58 EDT" duration-ms="749" status="PASS">
          <reporter-output>
          </reporter-output>
        </test-method> <!-- tearDown -->
      </class> <!-- com.facbook.testcases.CreatePagesTest -->
    </test> <!-- Command line test -->
  </suite> <!-- Command line suite -->
</testng-results>
