<?xml version="1.0" encoding="UTF-8"?>
<testng-results ignored="0" total="3" passed="3" failed="0" skipped="0">
  <reporter-output>
  </reporter-output>
  <suite started-at="2020-07-10T23:07:38 EDT" name="Default suite" finished-at="2020-07-10T23:08:06 EDT" duration-ms="27585">
    <groups>
    </groups>
    <test started-at="2020-07-10T23:07:38 EDT" name="Default test" finished-at="2020-07-10T23:08:06 EDT" duration-ms="27585">
      <class name="com.facbook.testcases.LoginPageTest">
        <test-method is-config="true" signature="setUp()[pri:0, instance:com.facbook.testcases.LoginPageTest@1e802ef9]" started-at="2020-07-10T23:07:38 EDT" name="setUp" finished-at="2020-07-10T23:07:46 EDT" duration-ms="7243" status="PASS">
          <reporter-output>
          </reporter-output>
        </test-method> <!-- setUp -->
        <test-method signature="loginPageTitleTest()[pri:1, instance:com.facbook.testcases.LoginPageTest@1e802ef9]" started-at="2020-07-10T23:07:46 EDT" name="loginPageTitleTest" finished-at="2020-07-10T23:07:46 EDT" duration-ms="14" status="PASS">
          <reporter-output>
          </reporter-output>
        </test-method> <!-- loginPageTitleTest -->
        <test-method is-config="true" signature="tearDown()[pri:0, instance:com.facbook.testcases.LoginPageTest@1e802ef9]" started-at="2020-07-10T23:07:46 EDT" name="tearDown" finished-at="2020-07-10T23:07:46 EDT" duration-ms="613" status="PASS">
          <reporter-output>
          </reporter-output>
        </test-method> <!-- tearDown -->
        <test-method is-config="true" signature="setUp()[pri:0, instance:com.facbook.testcases.LoginPageTest@1e802ef9]" started-at="2020-07-10T23:07:46 EDT" name="setUp" finished-at="2020-07-10T23:07:53 EDT" duration-ms="6507" status="PASS">
          <reporter-output>
          </reporter-output>
        </test-method> <!-- setUp -->
        <test-method signature="faceBookLogoTest()[pri:2, instance:com.facbook.testcases.LoginPageTest@1e802ef9]" started-at="2020-07-10T23:07:53 EDT" name="faceBookLogoTest" finished-at="2020-07-10T23:07:53 EDT" duration-ms="60" status="PASS">
          <reporter-output>
          </reporter-output>
        </test-method> <!-- faceBookLogoTest -->
        <test-method is-config="true" signature="tearDown()[pri:0, instance:com.facbook.testcases.LoginPageTest@1e802ef9]" started-at="2020-07-10T23:07:53 EDT" name="tearDown" finished-at="2020-07-10T23:07:54 EDT" duration-ms="598" status="PASS">
          <reporter-output>
          </reporter-output>
        </test-method> <!-- tearDown -->
        <test-method is-config="true" signature="setUp()[pri:0, instance:com.facbook.testcases.LoginPageTest@1e802ef9]" started-at="2020-07-10T23:07:54 EDT" name="setUp" finished-at="2020-07-10T23:08:00 EDT" duration-ms="6492" status="PASS">
          <reporter-output>
          </reporter-output>
        </test-method> <!-- setUp -->
        <test-method signature="loginTest()[pri:3, instance:com.facbook.testcases.LoginPageTest@1e802ef9]" started-at="2020-07-10T23:08:00 EDT" name="loginTest" finished-at="2020-07-10T23:08:05 EDT" duration-ms="5390" status="PASS">
          <reporter-output>
          </reporter-output>
        </test-method> <!-- loginTest -->
        <test-method is-config="true" signature="tearDown()[pri:0, instance:com.facbook.testcases.LoginPageTest@1e802ef9]" started-at="2020-07-10T23:08:05 EDT" name="tearDown" finished-at="2020-07-10T23:08:06 EDT" duration-ms="626" status="PASS">
          <reporter-output>
          </reporter-output>
        </test-method> <!-- tearDown -->
      </class> <!-- com.facbook.testcases.LoginPageTest -->
    </test> <!-- Default test -->
  </suite> <!-- Default suite -->
</testng-results>
